<?xml version="1.0" encoding="UTF-8"?>
<!-- Generated by org.testng.reporters.JUnitReportReporter -->
<testsuite skipped="0" hostname="PTLDTP088" name="samples.Important" tests="1" failures="0" timestamp="22 Feb 2019 08:24:04 GMT" time="21.253" errors="0">
  <testcase name="Radiobutton" time="21.253" classname="samples.Important"/>
</testsuite> <!-- samples.Important -->
