<?xml version="1.0" encoding="UTF-8"?>
<!-- Generated by org.testng.reporters.JUnitReportReporter -->
<testsuite skipped="0" hostname="PTLDTP088" name="samples.Annotations" tests="1" failures="0" timestamp="29 Jan 2019 07:41:30 GMT" time="0.024" errors="0">
  <testcase name="test" time="0.024" classname="samples.Annotations"/>
</testsuite> <!-- samples.Annotations -->
