<?xml version="1.0" encoding="UTF-8"?>
<!-- Generated by org.testng.reporters.JUnitReportReporter -->
<testsuite skipped="0" hostname="PTLDTP088" name="samples.learning" tests="1" failures="0" timestamp="21 Feb 2019 13:32:43 GMT" time="26.677" errors="0">
  <testcase name="mouseover" time="26.677" classname="samples.learning"/>
</testsuite> <!-- samples.learning -->
