<?xml version="1.0" encoding="UTF-8"?>
<!-- Generated by org.testng.reporters.JUnitReportReporter -->
<testsuite skipped="0" hostname="PTLDTP088" name="samples.Radiobutton" tests="1" failures="0" timestamp="16 May 2019 12:19:59 GMT" time="18.064" errors="0">
  <testcase name="Radiobutton" time="18.064" classname="samples.Radiobutton"/>
</testsuite> <!-- samples.Radiobutton -->
