<?xml version="1.0" encoding="UTF-8"?>
<!-- Generated by org.testng.reporters.JUnitReportReporter -->
<testsuite skipped="0" hostname="PTLDTP088" name="samples.Webtable" tests="1" failures="0" timestamp="18 Feb 2019 10:08:41 GMT" time="30.034" errors="0">
  <testcase name="webtablehandling" time="30.034" classname="samples.Webtable"/>
</testsuite> <!-- samples.Webtable -->
