<?xml version="1.0" encoding="UTF-8"?>
<!-- Generated by org.testng.reporters.JUnitReportReporter -->
<testsuite skipped="0" hostname="PTLDTP088" name="samples.newclass" tests="1" failures="0" timestamp="04 Feb 2019 13:06:27 GMT" time="107.375" errors="0">
  <testcase name="navigation" time="107.375" classname="samples.newclass"/>
</testsuite> <!-- samples.newclass -->
